This is pdfTeX, Version 3.14159265-2.6-1.40.18 (TeX Live 2017/Debian) (preloaded format=pdflatex 2018.12.10)  27 MAY 2019 19:12
entering extended mode
 restricted \write18 enabled.
 %&-line parsing enabled.
**biblio.tex
(./biblio.tex
LaTeX2e <2017-04-15>
Babel <3.18> and hyphenation patterns for 11 language(s) loaded.

! LaTeX Error: Lonely \item--perhaps a missing list environment.

See the LaTeX manual or LaTeX Companion for explanation.
Type  H <return>  for immediate help.
 ...                                              
                                                  
l.1 \bibitem{LB09}
                  
Try typing  <return>  to proceed.
If that doesn't work, type  X <return>  to quit.

! Undefined control sequence.
<argument> \@listctr 
                     
l.1 \bibitem{LB09}
                  
The control sequence at the end of the top line
of your error message was never \def'ed. If you have
misspelled it (e.g., `\hobx'), type `I' and the correct
spelling (e.g., `I\hbox'). Otherwise just continue,
and I'll forget about whatever was undefined.

! You can't use `\relax' after \the.
<recently read> \c@ 
                    
l.1 \bibitem{LB09}
                  
I'm forgetting what you said and using zero instead.

\bibcite{LB09}{0}
Missing character: There is no - in font nullfont!
Missing character: There is no - in font nullfont!
Missing character: There is no , in font nullfont!
Missing character: There is no E in font nullfont!
Missing character: There is no l in font nullfont!
Missing character: There is no s in font nullfont!
Missing character: There is no e in font nullfont!
Missing character: There is no v in font nullfont!
Missing character: There is no i in font nullfont!
Missing character: There is no e in font nullfont!
Missing character: There is no r in font nullfont!
Missing character: There is no , in font nullfont!
Missing character: There is no F in font nullfont!
Missing character: There is no o in font nullfont!
Missing character: There is no c in font nullfont!
Missing character: There is no a in font nullfont!
Missing character: There is no l in font nullfont!
Missing character: There is no P in font nullfont!
Missing character: There is no r in font nullfont!
Missing character: There is no e in font nullfont!
Missing character: There is no s in font nullfont!
Missing character: There is no s in font nullfont!
Missing character: There is no , in font nullfont!
Missing character: There is no A in font nullfont!
Missing character: There is no m in font nullfont!
Missing character: There is no s in font nullfont!
Missing character: There is no t in font nullfont!
Missing character: There is no e in font nullfont!
Missing character: There is no r in font nullfont!
Missing character: There is no d in font nullfont!
Missing character: There is no a in font nullfont!
Missing character: There is no m in font nullfont!
Missing character: There is no , in font nullfont!
Missing character: There is no 2 in font nullfont!
Missing character: There is no 0 in font nullfont!
Missing character: There is no 0 in font nullfont!
Missing character: There is no 9 in font nullfont!
Missing character: There is no , in font nullfont!
Missing character: There is no p in font nullfont!
Missing character: There is no . in font nullfont!
Missing character: There is no 2 in font nullfont!
Missing character: There is no 9 in font nullfont!
Missing character: There is no 1 in font nullfont!
Missing character: There is no - in font nullfont!
Missing character: There is no - in font nullfont!
Missing character: There is no 3 in font nullfont!
Missing character: There is no 0 in font nullfont!
Missing character: There is no 1 in font nullfont!
Missing character: There is no . in font nullfont!

Overfull \hbox (43.02466pt too wide) in paragraph at lines 2--3
\OT1/cmr/m/sc/10 B. Logu-
 []


Overfull \hbox (23.77765pt too wide) in paragraph at lines 2--3
\OT1/cmr/m/sc/10 idice
 []


Overfull \hbox (11.48882pt too wide) in paragraph at lines 2--3
\OT1/cmr/m/sc/10 et
 []


Overfull \hbox (41.94685pt too wide) in paragraph at lines 2--3
\OT1/cmr/m/sc/10 M.  Bar-
 []


Overfull \hbox (18.39992pt too wide) in paragraph at lines 2--3
\OT1/cmr/m/sc/10 ton
 []


Overfull \hbox (22.29985pt too wide) in paragraph at lines 2--3
\OT1/cmr/m/it/10 VIN-
 []


Overfull \hbox (28.08592pt too wide) in paragraph at lines 2--3
\OT1/cmr/m/it/10 TAGE
 []


Overfull \hbox (39.60811pt too wide) in paragraph at lines 2--3
\OT1/cmr/m/it/10 GAMES.
 []


Overfull \hbox (12.79991pt too wide) in paragraph at lines 2--3
\OT1/cmr/m/it/10 An
 []


Overfull \hbox (13.05547pt too wide) in paragraph at lines 2--3
\OT1/cmr/m/it/10 In-
 []


Overfull \hbox (21.08319pt too wide) in paragraph at lines 2--3
\OT1/cmr/m/it/10 sider
 []


Overfull \hbox (20.07205pt too wide) in paragraph at lines 2--3
\OT1/cmr/m/it/10 Look
 []


Overfull \hbox (8.43327pt too wide) in paragraph at lines 2--3
\OT1/cmr/m/it/10 at
 []


Overfull \hbox (13.03323pt too wide) in paragraph at lines 2--3
\OT1/cmr/m/it/10 the
 []


Overfull \hbox (18.16655pt too wide) in paragraph at lines 2--3
\OT1/cmr/m/it/10 His-
 []


Overfull \hbox (17.50542pt too wide) in paragraph at lines 2--3
\OT1/cmr/m/it/10 tory
 []


Overfull \hbox (8.17773pt too wide) in paragraph at lines 2--3
\OT1/cmr/m/it/10 of
 []


Overfull \hbox (27.28593pt too wide) in paragraph at lines 2--3
\OT1/cmr/m/it/10 Grand
 []


Overfull \hbox (23.25539pt too wide) in paragraph at lines 2--3
\OT1/cmr/m/it/10 Theft
 []


Overfull \hbox (24.04428pt too wide) in paragraph at lines 2--3
\OT1/cmr/m/it/10 Auto,
 []


Overfull \hbox (14.56657pt too wide) in paragraph at lines 2--3
\OT1/cmr/m/it/10 Su-
 []


Overfull \hbox (13.41655pt too wide) in paragraph at lines 2--3
\OT1/cmr/m/it/10 per
 []


Overfull \hbox (29.53871pt too wide) in paragraph at lines 2--3
\OT1/cmr/m/it/10 Mario,
 []


Overfull \hbox (15.84436pt too wide) in paragraph at lines 2--3
\OT1/cmr/m/it/10 and
 []


Overfull \hbox (13.03323pt too wide) in paragraph at lines 2--3
\OT1/cmr/m/it/10 the
 []


Overfull \hbox (21.48875pt too wide) in paragraph at lines 2--3
\OT1/cmr/m/it/10 Most
 []


Overfull \hbox (13.05547pt too wide) in paragraph at lines 2--3
\OT1/cmr/m/it/10 In-
 []


Overfull \hbox (14.82211pt too wide) in paragraph at lines 2--3
\OT1/cmr/m/it/10 flu-
 []


Overfull \hbox (13.7999pt too wide) in paragraph at lines 2--3
\OT1/cmr/m/it/10 en-
 []


Overfull \hbox (14.05547pt too wide) in paragraph at lines 2--3
\OT1/cmr/m/it/10 tial
 []


Overfull \hbox (29.71371pt too wide) in paragraph at lines 2--3
\OT1/cmr/m/it/10 Games
 []


Overfull \hbox (8.17773pt too wide) in paragraph at lines 2--3
\OT1/cmr/m/it/10 of
 []


Overfull \hbox (12.79991pt too wide) in paragraph at lines 2--3
\OT1/cmr/m/it/10 All
 []


Overfull \hbox (22.99985pt too wide) in paragraph at lines 2--3
\OT1/cmr/m/it/10 Time
 []


! LaTeX Error: Lonely \item--perhaps a missing list environment.

See the LaTeX manual or LaTeX Companion for explanation.
Type  H <return>  for immediate help.
 ...                                              
                                                  
l.4 \bibitem{}
              
Try typing  <return>  to proceed.
If that doesn't work, type  X <return>  to quit.

! Undefined control sequence.
<argument> \@listctr 
                     
l.4 \bibitem{}
              
The control sequence at the end of the top line
of your error message was never \def'ed. If you have
misspelled it (e.g., `\hobx'), type `I' and the correct
spelling (e.g., `I\hbox'). Otherwise just continue,
and I'll forget about whatever was undefined.

! You can't use `\relax' after \the.
<recently read> \c@ 
                    
l.4 \bibitem{}
              
I'm forgetting what you said and using zero instead.

\bibcite{}{0}
Missing character: There is no - in font nullfont!
Missing character: There is no - in font nullfont!
Missing character: There is no , in font nullfont!
Missing character: There is no G in font nullfont!
Missing character: There is no a in font nullfont!
Missing character: There is no m in font nullfont!
Missing character: There is no e in font nullfont!
Missing character: There is no P in font nullfont!
Missing character: There is no r in font nullfont!
Missing character: There is no e in font nullfont!
Missing character: There is no s in font nullfont!
Missing character: There is no s in font nullfont!
Missing character: There is no , in font nullfont!
Missing character: There is no C in font nullfont!
Missing character: There is no y in font nullfont!
Missing character: There is no b in font nullfont!
Missing character: There is no e in font nullfont!
Missing character: There is no r in font nullfont!
Missing character: There is no A in font nullfont!
Missing character: There is no c in font nullfont!
Missing character: There is no t in font nullfont!
Missing character: There is no i in font nullfont!
Missing character: There is no v in font nullfont!
Missing character: There is no e in font nullfont!
Missing character: There is no P in font nullfont!
Missing character: There is no u in font nullfont!
Missing character: There is no b in font nullfont!
Missing character: There is no l in font nullfont!
Missing character: There is no i in font nullfont!
Missing character: There is no s in font nullfont!
Missing character: There is no h in font nullfont!
Missing character: There is no i in font nullfont!
Missing character: There is no n in font nullfont!
Missing character: There is no g in font nullfont!
Missing character: There is no I in font nullfont!
Missing character: There is no n in font nullfont!
Missing character: There is no . in font nullfont!
Missing character: There is no , in font nullfont!
Missing character: There is no W in font nullfont!
Missing character: There is no i in font nullfont!
Missing character: There is no l in font nullfont!
Missing character: There is no t in font nullfont!
Missing character: There is no o in font nullfont!
Missing character: There is no n in font nullfont!
Missing character: There is no , in font nullfont!
Missing character: There is no 1 in font nullfont!
Missing character: There is no 9 in font nullfont!
Missing character: There is no 9 in font nullfont!
Missing character: There is no 9 in font nullfont!
Missing character: There is no , in font nullfont!
Missing character: There is no p in font nullfont!
Missing character: There is no . in font nullfont!
Missing character: There is no 2 in font nullfont!
Missing character: There is no 9 in font nullfont!
Missing character: There is no 2 in font nullfont!
Missing character: There is no - in font nullfont!
Missing character: There is no - in font nullfont!
Missing character: There is no 3 in font nullfont!
Missing character: There is no 4 in font nullfont!
Missing character: There is no 8 in font nullfont!
Missing character: There is no . in font nullfont!

Overfull \hbox (42.63026pt too wide) in paragraph at lines 5--6
\OT1/cmr/m/sc/10 D. Sheff
 []


Overfull \hbox (30.91927pt too wide) in paragraph at lines 5--6
\OT1/cmr/m/it/10 GAME
 []


Overfull \hbox (31.9887pt too wide) in paragraph at lines 5--6
\OT1/cmr/m/it/10 OVER.
 []


Overfull \hbox (23.2665pt too wide) in paragraph at lines 5--6
\OT1/cmr/m/it/10 Press
 []


Overfull \hbox (21.59428pt too wide) in paragraph at lines 5--6
\OT1/cmr/m/it/10 Start
 []


Overfull \hbox (8.43327pt too wide) in paragraph at lines 5--6
\OT1/cmr/m/it/10 to
 []


Overfull \hbox (21.46652pt too wide) in paragraph at lines 5--6
\OT1/cmr/m/it/10 Con-
 []


Overfull \hbox (21.97763pt too wide) in paragraph at lines 5--6
\OT1/cmr/m/it/10 tinue
 []


! LaTeX Error: Lonely \item--perhaps a missing list environment.

See the LaTeX manual or LaTeX Companion for explanation.
Type  H <return>  for immediate help.
 ...                                              
                                                  
l.7 \bibitem{}
              
Try typing  <return>  to proceed.
If that doesn't work, type  X <return>  to quit.

! Undefined control sequence.
<argument> \@listctr 
                     
l.7 \bibitem{}
              
The control sequence at the end of the top line
of your error message was never \def'ed. If you have
misspelled it (e.g., `\hobx'), type `I' and the correct
spelling (e.g., `I\hbox'). Otherwise just continue,
and I'll forget about whatever was undefined.

! You can't use `\relax' after \the.
<recently read> \c@ 
                    
l.7 \bibitem{}
              
I'm forgetting what you said and using zero instead.

\bibcite{}{0}
Missing character: There is no - in font nullfont!
Missing character: There is no - in font nullfont!
! Undefined control sequence.
l.8 {\scshape J. Brzustowski} -- \texti
                                       {Can You Win at TETRIS?} T. N.p., 199...
The control sequence at the end of the top line
of your error message was never \def'ed. If you have
misspelled it (e.g., `\hobx'), type `I' and the correct
spelling (e.g., `I\hbox'). Otherwise just continue,
and I'll forget about whatever was undefined.

Missing character: There is no C in font nullfont!
Missing character: There is no a in font nullfont!
Missing character: There is no n in font nullfont!
Missing character: There is no Y in font nullfont!
Missing character: There is no o in font nullfont!
Missing character: There is no u in font nullfont!
Missing character: There is no W in font nullfont!
Missing character: There is no i in font nullfont!
Missing character: There is no n in font nullfont!
Missing character: There is no a in font nullfont!
Missing character: There is no t in font nullfont!
Missing character: There is no T in font nullfont!
Missing character: There is no E in font nullfont!
Missing character: There is no T in font nullfont!
Missing character: There is no R in font nullfont!
Missing character: There is no I in font nullfont!
Missing character: There is no S in font nullfont!
Missing character: There is no ? in font nullfont!
Missing character: There is no T in font nullfont!
Missing character: There is no . in font nullfont!
Missing character: There is no N in font nullfont!
Missing character: There is no . in font nullfont!
Missing character: There is no p in font nullfont!
Missing character: There is no . in font nullfont!
Missing character: There is no , in font nullfont!
Missing character: There is no 1 in font nullfont!
Missing character: There is no 9 in font nullfont!
Missing character: There is no 9 in font nullfont!
Missing character: There is no 2 in font nullfont!
Missing character: There is no . in font nullfont!
Missing character: There is no W in font nullfont!
Missing character: There is no e in font nullfont!
Missing character: There is no b in font nullfont!
Missing character: There is no . in font nullfont!
Missing character: There is no 2 in font nullfont!
Missing character: There is no 1 in font nullfont!
Missing character: There is no J in font nullfont!
Missing character: There is no a in font nullfont!
Missing character: There is no n in font nullfont!
Missing character: There is no . in font nullfont!
Missing character: There is no 2 in font nullfont!
Missing character: There is no 0 in font nullfont!
Missing character: There is no 1 in font nullfont!
Missing character: There is no 9 in font nullfont!
Missing character: There is no . in font nullfont!
! Undefined control sequence.
l.8 ...IS?} T. N.p., 1992. Web. 21 Jan. 2019. \url
                                                  {https://open.library.ubc....
The control sequence at the end of the top line
of your error message was never \def'ed. If you have
misspelled it (e.g., `\hobx'), type `I' and the correct
spelling (e.g., `I\hbox'). Otherwise just continue,
and I'll forget about whatever was undefined.

Missing character: There is no h in font nullfont!
Missing character: There is no t in font nullfont!
Missing character: There is no t in font nullfont!
Missing character: There is no p in font nullfont!
Missing character: There is no s in font nullfont!
Missing character: There is no : in font nullfont!
Missing character: There is no / in font nullfont!
Missing character: There is no / in font nullfont!
Missing character: There is no o in font nullfont!
Missing character: There is no p in font nullfont!
Missing character: There is no e in font nullfont!
Missing character: There is no n in font nullfont!
Missing character: There is no . in font nullfont!
Missing character: There is no l in font nullfont!
Missing character: There is no i in font nullfont!
Missing character: There is no b in font nullfont!
Missing character: There is no r in font nullfont!
Missing character: There is no a in font nullfont!
Missing character: There is no r in font nullfont!
Missing character: There is no y in font nullfont!
Missing character: There is no . in font nullfont!
Missing character: There is no u in font nullfont!
Missing character: There is no b in font nullfont!
Missing character: There is no c in font nullfont!
Missing character: There is no . in font nullfont!
Missing character: There is no c in font nullfont!
Missing character: There is no a in font nullfont!
Missing character: There is no / in font nullfont!
Missing character: There is no c in font nullfont!
Missing character: There is no o in font nullfont!
Missing character: There is no l in font nullfont!
Missing character: There is no l in font nullfont!
Missing character: There is no e in font nullfont!
Missing character: There is no c in font nullfont!
Missing character: There is no t in font nullfont!
Missing character: There is no i in font nullfont!
Missing character: There is no o in font nullfont!
Missing character: There is no n in font nullfont!
Missing character: There is no s in font nullfont!
Missing character: There is no / in font nullfont!
Missing character: There is no u in font nullfont!
Missing character: There is no b in font nullfont!
Missing character: There is no c in font nullfont!
Missing character: There is no t in font nullfont!
Missing character: There is no h in font nullfont!
Missing character: There is no e in font nullfont!
Missing character: There is no s in font nullfont!
Missing character: There is no e in font nullfont!
Missing character: There is no s in font nullfont!
Missing character: There is no / in font nullfont!
Missing character: There is no 8 in font nullfont!
Missing character: There is no 3 in font nullfont!
Missing character: There is no 1 in font nullfont!
Missing character: There is no / in font nullfont!
Missing character: There is no i in font nullfont!
Missing character: There is no t in font nullfont!
Missing character: There is no e in font nullfont!
Missing character: There is no m in font nullfont!
Missing character: There is no s in font nullfont!
Missing character: There is no / in font nullfont!
Missing character: There is no 1 in font nullfont!
Missing character: There is no . in font nullfont!
Missing character: There is no 0 in font nullfont!
Missing character: There is no 0 in font nullfont!
Missing character: There is no 7 in font nullfont!
Missing character: There is no 9 in font nullfont!
Missing character: There is no 7 in font nullfont!
Missing character: There is no 4 in font nullfont!
Missing character: There is no 8 in font nullfont!
Missing character: There is no . in font nullfont!
Missing character: There is no R in font nullfont!
Missing character: There is no e in font nullfont!
Missing character: There is no t in font nullfont!
Missing character: There is no r in font nullfont!
Missing character: There is no o in font nullfont!
Missing character: There is no s in font nullfont!
Missing character: There is no p in font nullfont!
Missing character: There is no e in font nullfont!
Missing character: There is no c in font nullfont!
Missing character: There is no t in font nullfont!
Missing character: There is no i in font nullfont!
Missing character: There is no v in font nullfont!
Missing character: There is no e in font nullfont!
Missing character: There is no T in font nullfont!
Missing character: There is no h in font nullfont!
Missing character: There is no e in font nullfont!
Missing character: There is no s in font nullfont!
Missing character: There is no e in font nullfont!
Missing character: There is no s in font nullfont!
Missing character: There is no a in font nullfont!
Missing character: There is no n in font nullfont!
Missing character: There is no d in font nullfont!
Missing character: There is no D in font nullfont!
Missing character: There is no i in font nullfont!
Missing character: There is no s in font nullfont!
Missing character: There is no s in font nullfont!
Missing character: There is no e in font nullfont!
Missing character: There is no r in font nullfont!
Missing character: There is no t in font nullfont!
Missing character: There is no a in font nullfont!
Missing character: There is no t in font nullfont!
Missing character: There is no i in font nullfont!
Missing character: There is no o in font nullfont!
Missing character: There is no n in font nullfont!
Missing character: There is no s in font nullfont!
Missing character: There is no , in font nullfont!
Missing character: There is no 1 in font nullfont!
Missing character: There is no 9 in font nullfont!
Missing character: There is no 1 in font nullfont!
Missing character: There is no 9 in font nullfont!
Missing character: There is no - in font nullfont!
Missing character: There is no 2 in font nullfont!
Missing character: There is no 0 in font nullfont!
Missing character: There is no 0 in font nullfont!
Missing character: There is no 7 in font nullfont!
Missing character: There is no . in font nullfont!

Overfull \hbox (8.861pt too wide) in paragraph at lines 8--9
\OT1/cmr/m/sc/10 J.
 []


Overfull \hbox (33.24147pt too wide) in paragraph at lines 8--9
\OT1/cmr/m/sc/10 Brzus-
 []


Overfull \hbox (34.3554pt too wide) in paragraph at lines 8--9
\OT1/cmr/m/sc/10 towski
 []

)
! Emergency stop.
<*> biblio.tex
              
*** (job aborted, no legal \end found)

 
Here is how much of TeX's memory you used:
 11 strings out of 494780
 179 string characters out of 6176875
 47836 words of memory out of 5000000
 3448 multiletter control sequences out of 15000+600000
 4287 words of font info for 16 fonts, out of 8000000 for 9000
 81 hyphenation exceptions out of 8191
 13i,1n,10p,263b,65s stack positions out of 5000i,500n,10000p,200000b,80000s
!  ==> Fatal error occurred, no output PDF file produced!
